# JRE version: OpenJDK Runtime Environment (8.0_191-b12) (build 1.8.0_191-8u191-b12-2ubuntu0.18.04.1-b12)
# Java VM: OpenJDK 64-Bit Server VM (25.191-b12 mixed mode linux-amd64 compressed oops)
Heap:
 PSYoungGen      total 403456K, used 0K [0x00000000d5580000, 0x00000000fe680000, 0x0000000100000000)
  eden space 170496K, 0% used [0x00000000d5580000,0x00000000d5580000,0x00000000dfc00000)
  from space 232960K, 0% used [0x00000000dfc00000,0x00000000dfc00000,0x00000000edf80000)
  to   space 232960K, 0% used [0x00000000f0300000,0x00000000f0300000,0x00000000fe680000)
 ParOldGen       total 940032K, used 926796K [0x0000000080000000, 0x00000000b9600000, 0x00000000d5580000)
  object space 940032K, 98% used [0x0000000080000000,0x00000000b8913388,0x00000000b9600000)
 Metaspace       used 12769K, capacity 13080K, committed 13440K, reserved 1060864K
  class space    used 1442K, capacity 1546K, committed 1664K, reserved 1048576K
GC Heap History (10 events):
Event: 16.988 GC heap after
Heap after GC invocations=15 (full 3):
 PSYoungGen      total 346112K, used 204264K [0x00000000d5580000, 0x00000000fc980000, 0x0000000100000000)
  eden space 141824K, 0% used [0x00000000d5580000,0x00000000d5580000,0x00000000de000000)
  from space 204288K, 99% used [0x00000000ec380000,0x00000000f8afa2d0,0x00000000f8b00000)
  to   space 232960K, 0% used [0x00000000de000000,0x00000000de000000,0x00000000ec380000)
 ParOldGen       total 634880K, used 459882K [0x0000000080000000, 0x00000000a6c00000, 0x00000000d5580000)
  object space 634880K, 72% used [0x0000000080000000,0x000000009c11ab70,0x00000000a6c00000)
 Metaspace       used 12748K, capacity 13016K, committed 13184K, reserved 1060864K
  class space    used 1441K, capacity 1546K, committed 1664K, reserved 1048576K
}
Event: 18.186 GC heap before
{Heap before GC invocations=16 (full 3):
 PSYoungGen      total 346112K, used 346088K [0x00000000d5580000, 0x00000000fc980000, 0x0000000100000000)
  eden space 141824K, 100% used [0x00000000d5580000,0x00000000de000000,0x00000000de000000)
  from space 204288K, 99% used [0x00000000ec380000,0x00000000f8afa2d0,0x00000000f8b00000)
  to   space 232960K, 0% used [0x00000000de000000,0x00000000de000000,0x00000000ec380000)
 ParOldGen       total 634880K, used 459882K [0x0000000080000000, 0x00000000a6c00000, 0x00000000d5580000)
  object space 634880K, 72% used [0x0000000080000000,0x000000009c11ab70,0x00000000a6c00000)
 Metaspace       used 12753K, capacity 13016K, committed 13184K, reserved 1060864K
  class space    used 1441K, capacity 1546K, committed 1664K, reserved 1048576K
Event: 18.546 GC heap after
Heap after GC invocations=16 (full 3):
 PSYoungGen      total 374784K, used 232940K [0x00000000d5580000, 0x00000000fc300000, 0x0000000100000000)
  eden space 141824K, 0% used [0x00000000d5580000,0x00000000d5580000,0x00000000de000000)
  from space 232960K, 99% used [0x00000000de000000,0x00000000ec37b3d0,0x00000000ec380000)
  to   space 232960K, 0% used [0x00000000edf80000,0x00000000edf80000,0x00000000fc300000)
 ParOldGen       total 634880K, used 559763K [0x0000000080000000, 0x00000000a6c00000, 0x00000000d5580000)
  object space 634880K, 88% used [0x0000000080000000,0x00000000a22a4f20,0x00000000a6c00000)
 Metaspace       used 12753K, capacity 13016K, committed 13184K, reserved 1060864K
  class space    used 1441K, capacity 1546K, committed 1664K, reserved 1048576K
}
Event: 18.546 GC heap before
{Heap before GC invocations=17 (full 4):
 PSYoungGen      total 374784K, used 232940K [0x00000000d5580000, 0x00000000fc300000, 0x0000000100000000)
  eden space 141824K, 0% used [0x00000000d5580000,0x00000000d5580000,0x00000000de000000)
  from space 232960K, 99% used [0x00000000de000000,0x00000000ec37b3d0,0x00000000ec380000)
  to   space 232960K, 0% used [0x00000000edf80000,0x00000000edf80000,0x00000000fc300000)
 ParOldGen       total 634880K, used 559763K [0x0000000080000000, 0x00000000a6c00000, 0x00000000d5580000)
  object space 634880K, 88% used [0x0000000080000000,0x00000000a22a4f20,0x00000000a6c00000)
 Metaspace       used 12753K, capacity 13016K, committed 13184K, reserved 1060864K
  class space    used 1441K, capacity 1546K, committed 1664K, reserved 1048576K
Event: 20.665 GC heap after
Heap after GC invocations=17 (full 4):
 PSYoungGen      total 374784K, used 124240K [0x00000000d5580000, 0x00000000fc300000, 0x0000000100000000)
  eden space 141824K, 0% used [0x00000000d5580000,0x00000000d5580000,0x00000000de000000)
  from space 232960K, 53% used [0x00000000de000000,0x00000000e5954350,0x00000000ec380000)
  to   space 232960K, 0% used [0x00000000edf80000,0x00000000edf80000,0x00000000fc300000)
 ParOldGen       total 940032K, used 634874K [0x0000000080000000, 0x00000000b9600000, 0x00000000d5580000)
  object space 940032K, 67% used [0x0000000080000000,0x00000000a6bfea30,0x00000000b9600000)
 Metaspace       used 12753K, capacity 13016K, committed 13184K, reserved 1060864K
  class space    used 1441K, capacity 1546K, committed 1664K, reserved 1048576K
}
Event: 22.939 GC heap before
{Heap before GC invocations=18 (full 4):
 PSYoungGen      total 374784K, used 266064K [0x00000000d5580000, 0x00000000fc300000, 0x0000000100000000)
  eden space 141824K, 100% used [0x00000000d5580000,0x00000000de000000,0x00000000de000000)
  from space 232960K, 53% used [0x00000000de000000,0x00000000e5954350,0x00000000ec380000)
  to   space 232960K, 0% used [0x00000000edf80000,0x00000000edf80000,0x00000000fc300000)
 ParOldGen       total 940032K, used 634874K [0x0000000080000000, 0x00000000b9600000, 0x00000000d5580000)
  object space 940032K, 67% used [0x0000000080000000,0x00000000a6bfea30,0x00000000b9600000)
 Metaspace       used 12755K, capacity 13016K, committed 13184K, reserved 1060864K
  class space    used 1441K, capacity 1546K, committed 1664K, reserved 1048576K
Event: 24.492 GC heap after
Heap after GC invocations=18 (full 4):
 PSYoungGen      total 403456K, used 157270K [0x00000000d5580000, 0x00000000fc500000, 0x0000000100000000)
  eden space 170496K, 0% used [0x00000000d5580000,0x00000000d5580000,0x00000000dfc00000)
  from space 232960K, 67% used [0x00000000edf80000,0x00000000f7915970,0x00000000fc300000)
  to   space 232960K, 0% used [0x00000000dfc00000,0x00000000dfc00000,0x00000000edf80000)
 ParOldGen       total 940032K, used 725292K [0x0000000080000000, 0x00000000b9600000, 0x00000000d5580000)
  object space 940032K, 77% used [0x0000000080000000,0x00000000ac44b080,0x00000000b9600000)
 Metaspace       used 12755K, capacity 13016K, committed 13184K, reserved 1060864K
  class space    used 1441K, capacity 1546K, committed 1664K, reserved 1048576K
}
Event: 29.158 GC heap before
{Heap before GC invocations=19 (full 4):
 PSYoungGen      total 403456K, used 326329K [0x00000000d5580000, 0x00000000fc500000, 0x0000000100000000)
  eden space 170496K, 99% used [0x00000000d5580000,0x00000000dfa98e50,0x00000000dfc00000)
  from space 232960K, 67% used [0x00000000edf80000,0x00000000f7915970,0x00000000fc300000)
  to   space 232960K, 0% used [0x00000000dfc00000,0x00000000dfc00000,0x00000000edf80000)
 ParOldGen       total 940032K, used 725292K [0x0000000080000000, 0x00000000b9600000, 0x00000000d5580000)
  object space 940032K, 77% used [0x0000000080000000,0x00000000ac44b080,0x00000000b9600000)
 Metaspace       used 12769K, capacity 13080K, committed 13440K, reserved 1060864K
  class space    used 1442K, capacity 1546K, committed 1664K, reserved 1048576K
Event: 30.393 GC heap after
Heap after GC invocations=19 (full 4):
 PSYoungGen      total 403456K, used 86784K [0x00000000d5580000, 0x00000000fe680000, 0x0000000100000000)
  eden space 170496K, 0% used [0x00000000d5580000,0x00000000d5580000,0x00000000dfc00000)
  from space 232960K, 37% used [0x00000000dfc00000,0x00000000e50c0010,0x00000000edf80000)
  to   space 232960K, 0% used [0x00000000f0300000,0x00000000f0300000,0x00000000fe680000)
 ParOldGen       total 940032K, used 887204K [0x0000000080000000, 0x00000000b9600000, 0x00000000d5580000)
  object space 940032K, 94% used [0x0000000080000000,0x00000000b6269020,0x00000000b9600000)
 Metaspace       used 12769K, capacity 13080K, committed 13440K, reserved 1060864K
  class space    used 1442K, capacity 1546K, committed 1664K, reserved 1048576K
}
Event: 30.393 GC heap before
{Heap before GC invocations=20 (full 5):
 PSYoungGen      total 403456K, used 86784K [0x00000000d5580000, 0x00000000fe680000, 0x0000000100000000)
  eden space 170496K, 0% used [0x00000000d5580000,0x00000000d5580000,0x00000000dfc00000)
  from space 232960K, 37% used [0x00000000dfc00000,0x00000000e50c0010,0x00000000edf80000)
  to   space 232960K, 0% used [0x00000000f0300000,0x00000000f0300000,0x00000000fe680000)
 ParOldGen       total 940032K, used 887204K [0x0000000080000000, 0x00000000b9600000, 0x00000000d5580000)
  object space 940032K, 94% used [0x0000000080000000,0x00000000b6269020,0x00000000b9600000)
 Metaspace       used 12769K, capacity 13080K, committed 13440K, reserved 1060864K
  class space    used 1442K, capacity 1546K, committed 1664K, reserved 1048576K

