# JRE version: OpenJDK Runtime Environment (8.0_191-b12) (build 1.8.0_191-8u191-b12-2ubuntu0.18.04.1-b12)
# Java VM: OpenJDK 64-Bit Server VM (25.191-b12 mixed mode linux-amd64 compressed oops)
Heap:
 PSYoungGen      total 390656K, used 48604K [0x00000000d5580000, 0x00000000fcc00000, 0x0000000100000000)
  eden space 157696K, 0% used [0x00000000d5580000,0x00000000d5580000,0x00000000def80000)
  from space 232960K, 20% used [0x00000000def80000,0x00000000e1ef7068,0x00000000ed300000)
  to   space 232960K, 0% used [0x00000000ee880000,0x00000000ee880000,0x00000000fcc00000)
 ParOldGen       total 908800K, used 908466K [0x0000000080000000, 0x00000000b7780000, 0x00000000d5580000)
  object space 908800K, 99% used [0x0000000080000000,0x00000000b772c9d8,0x00000000b7780000)
 Metaspace       used 12799K, capacity 13076K, committed 13440K, reserved 1060864K
  class space    used 1431K, capacity 1546K, committed 1664K, reserved 1048576K
GC Heap History (10 events):
Event: 20.089 GC heap after
Heap after GC invocations=17 (full 3):
 PSYoungGen      total 331776K, used 110193K [0x00000000d5580000, 0x00000000f6080000, 0x0000000100000000)
  eden space 142336K, 0% used [0x00000000d5580000,0x00000000d5580000,0x00000000de080000)
  from space 189440K, 58% used [0x00000000e9e00000,0x00000000f099c540,0x00000000f5700000)
  to   space 194048K, 0% used [0x00000000de080000,0x00000000de080000,0x00000000e9e00000)
 ParOldGen       total 592896K, used 553805K [0x0000000080000000, 0x00000000a4300000, 0x00000000d5580000)
  object space 592896K, 93% used [0x0000000080000000,0x00000000a1cd3620,0x00000000a4300000)
 Metaspace       used 12787K, capacity 13076K, committed 13440K, reserved 1060864K
  class space    used 1430K, capacity 1546K, committed 1664K, reserved 1048576K
}
Event: 20.089 GC heap before
{Heap before GC invocations=18 (full 4):
 PSYoungGen      total 331776K, used 110193K [0x00000000d5580000, 0x00000000f6080000, 0x0000000100000000)
  eden space 142336K, 0% used [0x00000000d5580000,0x00000000d5580000,0x00000000de080000)
  from space 189440K, 58% used [0x00000000e9e00000,0x00000000f099c540,0x00000000f5700000)
  to   space 194048K, 0% used [0x00000000de080000,0x00000000de080000,0x00000000e9e00000)
 ParOldGen       total 592896K, used 553805K [0x0000000080000000, 0x00000000a4300000, 0x00000000d5580000)
  object space 592896K, 93% used [0x0000000080000000,0x00000000a1cd3620,0x00000000a4300000)
 Metaspace       used 12787K, capacity 13076K, committed 13440K, reserved 1060864K
  class space    used 1430K, capacity 1546K, committed 1664K, reserved 1048576K
Event: 22.137 GC heap after
Heap after GC invocations=18 (full 4):
 PSYoungGen      total 331776K, used 62509K [0x00000000d5580000, 0x00000000f6080000, 0x0000000100000000)
  eden space 142336K, 0% used [0x00000000d5580000,0x00000000d5580000,0x00000000de080000)
  from space 189440K, 32% used [0x00000000e9e00000,0x00000000edb0b708,0x00000000f5700000)
  to   space 194048K, 0% used [0x00000000de080000,0x00000000de080000,0x00000000e9e00000)
 ParOldGen       total 908800K, used 592658K [0x0000000080000000, 0x00000000b7780000, 0x00000000d5580000)
  object space 908800K, 65% used [0x0000000080000000,0x00000000a42c4af8,0x00000000b7780000)
 Metaspace       used 12787K, capacity 13076K, committed 13440K, reserved 1060864K
  class space    used 1430K, capacity 1546K, committed 1664K, reserved 1048576K
}
Event: 24.026 GC heap before
{Heap before GC invocations=19 (full 4):
 PSYoungGen      total 331776K, used 204845K [0x00000000d5580000, 0x00000000f6080000, 0x0000000100000000)
  eden space 142336K, 100% used [0x00000000d5580000,0x00000000de080000,0x00000000de080000)
  from space 189440K, 32% used [0x00000000e9e00000,0x00000000edb0b708,0x00000000f5700000)
  to   space 194048K, 0% used [0x00000000de080000,0x00000000de080000,0x00000000e9e00000)
 ParOldGen       total 908800K, used 592658K [0x0000000080000000, 0x00000000b7780000, 0x00000000d5580000)
  object space 908800K, 65% used [0x0000000080000000,0x00000000a42c4af8,0x00000000b7780000)
 Metaspace       used 12789K, capacity 13076K, committed 13440K, reserved 1060864K
  class space    used 1430K, capacity 1546K, committed 1664K, reserved 1048576K
Event: 24.321 GC heap after
Heap after GC invocations=19 (full 4):
 PSYoungGen      total 336384K, used 191006K [0x00000000d5580000, 0x00000000fb080000, 0x0000000100000000)
  eden space 142336K, 0% used [0x00000000d5580000,0x00000000d5580000,0x00000000de080000)
  from space 194048K, 98% used [0x00000000de080000,0x00000000e9b07910,0x00000000e9e00000)
  to   space 226816K, 0% used [0x00000000ed300000,0x00000000ed300000,0x00000000fb080000)
 ParOldGen       total 908800K, used 592666K [0x0000000080000000, 0x00000000b7780000, 0x00000000d5580000)
  object space 908800K, 65% used [0x0000000080000000,0x00000000a42c6af8,0x00000000b7780000)
 Metaspace       used 12789K, capacity 13076K, committed 13440K, reserved 1060864K
  class space    used 1430K, capacity 1546K, committed 1664K, reserved 1048576K
}
Event: 26.868 GC heap before
{Heap before GC invocations=20 (full 4):
 PSYoungGen      total 336384K, used 333342K [0x00000000d5580000, 0x00000000fb080000, 0x0000000100000000)
  eden space 142336K, 100% used [0x00000000d5580000,0x00000000de080000,0x00000000de080000)
  from space 194048K, 98% used [0x00000000de080000,0x00000000e9b07910,0x00000000e9e00000)
  to   space 226816K, 0% used [0x00000000ed300000,0x00000000ed300000,0x00000000fb080000)
 ParOldGen       total 908800K, used 592666K [0x0000000080000000, 0x00000000b7780000, 0x00000000d5580000)
  object space 908800K, 65% used [0x0000000080000000,0x00000000a42c6af8,0x00000000b7780000)
 Metaspace       used 12790K, capacity 13076K, committed 13440K, reserved 1060864K
  class space    used 1430K, capacity 1546K, committed 1664K, reserved 1048576K
Event: 28.417 GC heap after
Heap after GC invocations=20 (full 4):
 PSYoungGen      total 384512K, used 226804K [0x00000000d5580000, 0x00000000fc380000, 0x0000000100000000)
  eden space 157696K, 0% used [0x00000000d5580000,0x00000000d5580000,0x00000000def80000)
  from space 226816K, 99% used [0x00000000ed300000,0x00000000fb07d330,0x00000000fb080000)
  to   space 232960K, 0% used [0x00000000def80000,0x00000000def80000,0x00000000ed300000)
 ParOldGen       total 908800K, used 679548K [0x0000000080000000, 0x00000000b7780000, 0x00000000d5580000)
  object space 908800K, 74% used [0x0000000080000000,0x00000000a979f018,0x00000000b7780000)
 Metaspace       used 12790K, capacity 13076K, committed 13440K, reserved 1060864K
  class space    used 1430K, capacity 1546K, committed 1664K, reserved 1048576K
}
Event: 32.974 GC heap before
{Heap before GC invocations=21 (full 4):
 PSYoungGen      total 384512K, used 384500K [0x00000000d5580000, 0x00000000fc380000, 0x0000000100000000)
  eden space 157696K, 100% used [0x00000000d5580000,0x00000000def80000,0x00000000def80000)
  from space 226816K, 99% used [0x00000000ed300000,0x00000000fb07d330,0x00000000fb080000)
  to   space 232960K, 0% used [0x00000000def80000,0x00000000def80000,0x00000000ed300000)
 ParOldGen       total 908800K, used 679548K [0x0000000080000000, 0x00000000b7780000, 0x00000000d5580000)
  object space 908800K, 74% used [0x0000000080000000,0x00000000a979f018,0x00000000b7780000)
 Metaspace       used 12799K, capacity 13076K, committed 13440K, reserved 1060864K
  class space    used 1431K, capacity 1546K, committed 1664K, reserved 1048576K
Event: 34.313 GC heap after
Heap after GC invocations=21 (full 4):
 PSYoungGen      total 390656K, used 177307K [0x00000000d5580000, 0x00000000fcc00000, 0x0000000100000000)
  eden space 157696K, 0% used [0x00000000d5580000,0x00000000d5580000,0x00000000def80000)
  from space 232960K, 76% used [0x00000000def80000,0x00000000e9ca6eb0,0x00000000ed300000)
  to   space 232960K, 0% used [0x00000000ee880000,0x00000000ee880000,0x00000000fcc00000)
 ParOldGen       total 908800K, used 814407K [0x0000000080000000, 0x00000000b7780000, 0x00000000d5580000)
  object space 908800K, 89% used [0x0000000080000000,0x00000000b1b51d68,0x00000000b7780000)
 Metaspace       used 12799K, capacity 13076K, committed 13440K, reserved 1060864K
  class space    used 1431K, capacity 1546K, committed 1664K, reserved 1048576K
}
Event: 34.315 GC heap before
{Heap before GC invocations=22 (full 5):
 PSYoungGen      total 390656K, used 177307K [0x00000000d5580000, 0x00000000fcc00000, 0x0000000100000000)
  eden space 157696K, 0% used [0x00000000d5580000,0x00000000d5580000,0x00000000def80000)
  from space 232960K, 76% used [0x00000000def80000,0x00000000e9ca6eb0,0x00000000ed300000)
  to   space 232960K, 0% used [0x00000000ee880000,0x00000000ee880000,0x00000000fcc00000)
 ParOldGen       total 908800K, used 814407K [0x0000000080000000, 0x00000000b7780000, 0x00000000d5580000)
  object space 908800K, 89% used [0x0000000080000000,0x00000000b1b51d68,0x00000000b7780000)
 Metaspace       used 12799K, capacity 13076K, committed 13440K, reserved 1060864K
  class space    used 1431K, capacity 1546K, committed 1664K, reserved 1048576K

